<?xml version="1.0" encoding="UTF-8"?>
<!-- Generated by org.testng.reporters.JUnitReportReporter -->
<testsuite hostname="DESKTOP-5U6BGGB" failures="0" tests="1" name="runnerClass.RunnerIO" time="108.545" errors="0" timestamp="2023-10-24T22:29:20 IST" skipped="0">
  <testcase classname="runnerClass.RunnerIO" name="runScenario" time="108.545"/>
</testsuite> <!-- runnerClass.RunnerIO -->
